<?xml version="1.0" encoding="UTF-8"?>
<testng-results skipped="0" failed="0" total="1" passed="1">
  <reporter-output>
  </reporter-output>
  <suite name="Default suite" duration-ms="321873" started-at="2016-03-22T09:03:57Z" finished-at="2016-03-22T09:09:19Z">
    <groups>
    </groups>
    <test name="Default test" duration-ms="321873" started-at="2016-03-22T09:03:57Z" finished-at="2016-03-22T09:09:19Z">
      <class name="com.example.demo.test.BingTest">
        <test-method status="PASS" signature="openUrl()[pri:0, instance:com.example.demo.test.BingTest@7006c658]" name="openUrl" is-config="true" duration-ms="11800" started-at="2016-03-22T14:33:57Z" finished-at="2016-03-22T14:34:09Z">
          <reporter-output>
          </reporter-output>
        </test-method> <!-- openUrl -->
        <test-method status="PASS" signature="translateWord()[pri:0, instance:com.example.demo.test.BingTest@7006c658]" name="translateWord" duration-ms="310057" started-at="2016-03-22T14:34:09Z" finished-at="2016-03-22T14:39:19Z">
          <reporter-output>
          </reporter-output>
        </test-method> <!-- translateWord -->
      </class> <!-- com.example.demo.test.BingTest -->
    </test> <!-- Default test -->
  </suite> <!-- Default suite -->
</testng-results>
